<?xml version="1.0" encoding="UTF-8"?>
<testsuite xmlns:xsi="http://www.w3.org/2001/XMLSchema-instance" xsi:noNamespaceSchemaLocation="https://maven.apache.org/surefire/maven-surefire-plugin/xsd/surefire-test-report.xsd" name="TestSuite" time="5.566" tests="5" errors="0" skipped="0" failures="0">
  <properties>
    <property name="gopherProxySet" value="false"/>
    <property name="awt.toolkit" value="sun.lwawt.macosx.LWCToolkit"/>
    <property name="file.encoding.pkg" value="sun.io"/>
    <property name="java.specification.version" value="1.8"/>
    <property name="sun.cpu.isalist" value=""/>
    <property name="sun.jnu.encoding" value="UTF-8"/>
    <property name="java.class.path" value="/Users/parthibanrajasekaran/IdeaProjects/RestAPI/target/test-classes:/Users/parthibanrajasekaran/IdeaProjects/RestAPI/target/classes:/Users/parthibanrajasekaran/.m2/repository/org/testinfected/hamcrest-matchers/core-matchers/1.8/core-matchers-1.8.jar:/Users/parthibanrajasekaran/.m2/repository/org/hamcrest/hamcrest-core/1.3/hamcrest-core-1.3.jar:/Users/parthibanrajasekaran/.m2/repository/org/testng/testng/6.9.10/testng-6.9.10.jar:/Users/parthibanrajasekaran/.m2/repository/com/beust/jcommander/1.48/jcommander-1.48.jar:/Users/parthibanrajasekaran/.m2/repository/org/beanshell/bsh/2.0b4/bsh-2.0b4.jar:/Users/parthibanrajasekaran/.m2/repository/io/rest-assured/json-path/3.1.0/json-path-3.1.0.jar:/Users/parthibanrajasekaran/.m2/repository/org/codehaus/groovy/groovy-json/2.4.12/groovy-json-2.4.12.jar:/Users/parthibanrajasekaran/.m2/repository/org/codehaus/groovy/groovy/2.4.12/groovy-2.4.12.jar:/Users/parthibanrajasekaran/.m2/repository/io/rest-assured/rest-assured-common/3.1.0/rest-assured-common-3.1.0.jar:/Users/parthibanrajasekaran/.m2/repository/io/rest-assured/xml-path/3.1.0/xml-path-3.1.0.jar:/Users/parthibanrajasekaran/.m2/repository/org/codehaus/groovy/groovy-xml/2.4.12/groovy-xml-2.4.12.jar:/Users/parthibanrajasekaran/.m2/repository/org/apache/commons/commons-lang3/3.4/commons-lang3-3.4.jar:/Users/parthibanrajasekaran/.m2/repository/org/ccil/cowan/tagsoup/tagsoup/1.2.1/tagsoup-1.2.1.jar:/Users/parthibanrajasekaran/.m2/repository/javax/xml/bind/jaxb-api/2.2.12/jaxb-api-2.2.12.jar:/Users/parthibanrajasekaran/.m2/repository/io/rest-assured/json-schema-validator/3.1.0/json-schema-validator-3.1.0.jar:/Users/parthibanrajasekaran/.m2/repository/com/github/fge/json-schema-validator/2.2.6/json-schema-validator-2.2.6.jar:/Users/parthibanrajasekaran/.m2/repository/com/google/code/findbugs/jsr305/3.0.0/jsr305-3.0.0.jar:/Users/parthibanrajasekaran/.m2/repository/joda-time/joda-time/2.3/joda-time-2.3.jar:/Users/parthibanrajasekaran/.m2/repository/com/googlecode/libphonenumber/libphonenumber/6.2/libphonenumber-6.2.jar:/Users/parthibanrajasekaran/.m2/repository/com/github/fge/json-schema-core/1.2.5/json-schema-core-1.2.5.jar:/Users/parthibanrajasekaran/.m2/repository/com/github/fge/uri-template/0.9/uri-template-0.9.jar:/Users/parthibanrajasekaran/.m2/repository/com/github/fge/msg-simple/1.1/msg-simple-1.1.jar:/Users/parthibanrajasekaran/.m2/repository/com/github/fge/btf/1.2/btf-1.2.jar:/Users/parthibanrajasekaran/.m2/repository/com/google/guava/guava/16.0.1/guava-16.0.1.jar:/Users/parthibanrajasekaran/.m2/repository/com/github/fge/jackson-coreutils/1.8/jackson-coreutils-1.8.jar:/Users/parthibanrajasekaran/.m2/repository/com/fasterxml/jackson/core/jackson-databind/2.2.3/jackson-databind-2.2.3.jar:/Users/parthibanrajasekaran/.m2/repository/com/fasterxml/jackson/core/jackson-annotations/2.2.3/jackson-annotations-2.2.3.jar:/Users/parthibanrajasekaran/.m2/repository/com/fasterxml/jackson/core/jackson-core/2.2.3/jackson-core-2.2.3.jar:/Users/parthibanrajasekaran/.m2/repository/org/mozilla/rhino/1.7R4/rhino-1.7R4.jar:/Users/parthibanrajasekaran/.m2/repository/javax/mail/mailapi/1.4.3/mailapi-1.4.3.jar:/Users/parthibanrajasekaran/.m2/repository/javax/activation/activation/1.1/activation-1.1.jar:/Users/parthibanrajasekaran/.m2/repository/net/sf/jopt-simple/jopt-simple/4.6/jopt-simple-4.6.jar:/Users/parthibanrajasekaran/.m2/repository/io/rest-assured/spring-mock-mvc/3.1.0/spring-mock-mvc-3.1.0.jar:/Users/parthibanrajasekaran/.m2/repository/org/springframework/spring-test/4.2.6.RELEASE/spring-test-4.2.6.RELEASE.jar:/Users/parthibanrajasekaran/.m2/repository/org/springframework/spring-core/4.2.6.RELEASE/spring-core-4.2.6.RELEASE.jar:/Users/parthibanrajasekaran/.m2/repository/org/springframework/spring-webmvc/4.2.6.RELEASE/spring-webmvc-4.2.6.RELEASE.jar:/Users/parthibanrajasekaran/.m2/repository/org/springframework/spring-beans/4.2.6.RELEASE/spring-beans-4.2.6.RELEASE.jar:/Users/parthibanrajasekaran/.m2/repository/org/springframework/spring-context/4.2.6.RELEASE/spring-context-4.2.6.RELEASE.jar:/Users/parthibanrajasekaran/.m2/repository/org/springframework/spring-aop/4.2.6.RELEASE/spring-aop-4.2.6.RELEASE.jar:/Users/parthibanrajasekaran/.m2/repository/aopalliance/aopalliance/1.0/aopalliance-1.0.jar:/Users/parthibanrajasekaran/.m2/repository/org/springframework/spring-expression/4.2.6.RELEASE/spring-expression-4.2.6.RELEASE.jar:/Users/parthibanrajasekaran/.m2/repository/org/springframework/spring-web/4.2.6.RELEASE/spring-web-4.2.6.RELEASE.jar:/Users/parthibanrajasekaran/.m2/repository/io/rest-assured/rest-assured/3.1.0/rest-assured-3.1.0.jar:/Users/parthibanrajasekaran/.m2/repository/org/apache/httpcomponents/httpclient/4.5.3/httpclient-4.5.3.jar:/Users/parthibanrajasekaran/.m2/repository/org/apache/httpcomponents/httpcore/4.4.6/httpcore-4.4.6.jar:/Users/parthibanrajasekaran/.m2/repository/commons-logging/commons-logging/1.2/commons-logging-1.2.jar:/Users/parthibanrajasekaran/.m2/repository/commons-codec/commons-codec/1.9/commons-codec-1.9.jar:/Users/parthibanrajasekaran/.m2/repository/org/apache/httpcomponents/httpmime/4.5.1/httpmime-4.5.1.jar:/Users/parthibanrajasekaran/.m2/repository/org/hamcrest/hamcrest-library/1.3/hamcrest-library-1.3.jar:/Users/parthibanrajasekaran/.m2/repository/org/apache/maven/surefire/surefire-testng-utils/2.21.0/surefire-testng-utils-2.21.0.jar:/Users/parthibanrajasekaran/.m2/repository/org/apache/maven/surefire/surefire-grouper/2.21.0/surefire-grouper-2.21.0.jar:"/>
    <property name="java.vm.vendor" value="Oracle Corporation"/>
    <property name="sun.arch.data.model" value="64"/>
    <property name="java.vendor.url" value="http://java.oracle.com/"/>
    <property name="user.timezone" value=""/>
    <property name="java.vm.specification.version" value="1.8"/>
    <property name="os.name" value="Mac OS X"/>
    <property name="user.country" value="IN"/>
    <property name="sun.java.launcher" value="SUN_STANDARD"/>
    <property name="sun.boot.library.path" value="/Library/Java/JavaVirtualMachines/jdk1.8.0_171.jdk/Contents/Home/jre/lib"/>
    <property name="sun.java.command" value="/Users/parthibanrajasekaran/IdeaProjects/RestAPI/target/surefire/surefirebooter6476452264886468732.jar /Users/parthibanrajasekaran/IdeaProjects/RestAPI/target/surefire 2018-06-13T23-40-58_693-jvmRun1 surefire7158906186952919975tmp surefire_02526195145330047257tmp"/>
    <property name="http.nonProxyHosts" value="local|*.local|169.254/16|*.169.254/16"/>
    <property name="surefire.test.class.path" value="/Users/parthibanrajasekaran/IdeaProjects/RestAPI/target/test-classes:/Users/parthibanrajasekaran/IdeaProjects/RestAPI/target/classes:/Users/parthibanrajasekaran/.m2/repository/org/testinfected/hamcrest-matchers/core-matchers/1.8/core-matchers-1.8.jar:/Users/parthibanrajasekaran/.m2/repository/org/hamcrest/hamcrest-core/1.3/hamcrest-core-1.3.jar:/Users/parthibanrajasekaran/.m2/repository/org/testng/testng/6.9.10/testng-6.9.10.jar:/Users/parthibanrajasekaran/.m2/repository/com/beust/jcommander/1.48/jcommander-1.48.jar:/Users/parthibanrajasekaran/.m2/repository/org/beanshell/bsh/2.0b4/bsh-2.0b4.jar:/Users/parthibanrajasekaran/.m2/repository/io/rest-assured/json-path/3.1.0/json-path-3.1.0.jar:/Users/parthibanrajasekaran/.m2/repository/org/codehaus/groovy/groovy-json/2.4.12/groovy-json-2.4.12.jar:/Users/parthibanrajasekaran/.m2/repository/org/codehaus/groovy/groovy/2.4.12/groovy-2.4.12.jar:/Users/parthibanrajasekaran/.m2/repository/io/rest-assured/rest-assured-common/3.1.0/rest-assured-common-3.1.0.jar:/Users/parthibanrajasekaran/.m2/repository/io/rest-assured/xml-path/3.1.0/xml-path-3.1.0.jar:/Users/parthibanrajasekaran/.m2/repository/org/codehaus/groovy/groovy-xml/2.4.12/groovy-xml-2.4.12.jar:/Users/parthibanrajasekaran/.m2/repository/org/apache/commons/commons-lang3/3.4/commons-lang3-3.4.jar:/Users/parthibanrajasekaran/.m2/repository/org/ccil/cowan/tagsoup/tagsoup/1.2.1/tagsoup-1.2.1.jar:/Users/parthibanrajasekaran/.m2/repository/javax/xml/bind/jaxb-api/2.2.12/jaxb-api-2.2.12.jar:/Users/parthibanrajasekaran/.m2/repository/io/rest-assured/json-schema-validator/3.1.0/json-schema-validator-3.1.0.jar:/Users/parthibanrajasekaran/.m2/repository/com/github/fge/json-schema-validator/2.2.6/json-schema-validator-2.2.6.jar:/Users/parthibanrajasekaran/.m2/repository/com/google/code/findbugs/jsr305/3.0.0/jsr305-3.0.0.jar:/Users/parthibanrajasekaran/.m2/repository/joda-time/joda-time/2.3/joda-time-2.3.jar:/Users/parthibanrajasekaran/.m2/repository/com/googlecode/libphonenumber/libphonenumber/6.2/libphonenumber-6.2.jar:/Users/parthibanrajasekaran/.m2/repository/com/github/fge/json-schema-core/1.2.5/json-schema-core-1.2.5.jar:/Users/parthibanrajasekaran/.m2/repository/com/github/fge/uri-template/0.9/uri-template-0.9.jar:/Users/parthibanrajasekaran/.m2/repository/com/github/fge/msg-simple/1.1/msg-simple-1.1.jar:/Users/parthibanrajasekaran/.m2/repository/com/github/fge/btf/1.2/btf-1.2.jar:/Users/parthibanrajasekaran/.m2/repository/com/google/guava/guava/16.0.1/guava-16.0.1.jar:/Users/parthibanrajasekaran/.m2/repository/com/github/fge/jackson-coreutils/1.8/jackson-coreutils-1.8.jar:/Users/parthibanrajasekaran/.m2/repository/com/fasterxml/jackson/core/jackson-databind/2.2.3/jackson-databind-2.2.3.jar:/Users/parthibanrajasekaran/.m2/repository/com/fasterxml/jackson/core/jackson-annotations/2.2.3/jackson-annotations-2.2.3.jar:/Users/parthibanrajasekaran/.m2/repository/com/fasterxml/jackson/core/jackson-core/2.2.3/jackson-core-2.2.3.jar:/Users/parthibanrajasekaran/.m2/repository/org/mozilla/rhino/1.7R4/rhino-1.7R4.jar:/Users/parthibanrajasekaran/.m2/repository/javax/mail/mailapi/1.4.3/mailapi-1.4.3.jar:/Users/parthibanrajasekaran/.m2/repository/javax/activation/activation/1.1/activation-1.1.jar:/Users/parthibanrajasekaran/.m2/repository/net/sf/jopt-simple/jopt-simple/4.6/jopt-simple-4.6.jar:/Users/parthibanrajasekaran/.m2/repository/io/rest-assured/spring-mock-mvc/3.1.0/spring-mock-mvc-3.1.0.jar:/Users/parthibanrajasekaran/.m2/repository/org/springframework/spring-test/4.2.6.RELEASE/spring-test-4.2.6.RELEASE.jar:/Users/parthibanrajasekaran/.m2/repository/org/springframework/spring-core/4.2.6.RELEASE/spring-core-4.2.6.RELEASE.jar:/Users/parthibanrajasekaran/.m2/repository/org/springframework/spring-webmvc/4.2.6.RELEASE/spring-webmvc-4.2.6.RELEASE.jar:/Users/parthibanrajasekaran/.m2/repository/org/springframework/spring-beans/4.2.6.RELEASE/spring-beans-4.2.6.RELEASE.jar:/Users/parthibanrajasekaran/.m2/repository/org/springframework/spring-context/4.2.6.RELEASE/spring-context-4.2.6.RELEASE.jar:/Users/parthibanrajasekaran/.m2/repository/org/springframework/spring-aop/4.2.6.RELEASE/spring-aop-4.2.6.RELEASE.jar:/Users/parthibanrajasekaran/.m2/repository/aopalliance/aopalliance/1.0/aopalliance-1.0.jar:/Users/parthibanrajasekaran/.m2/repository/org/springframework/spring-expression/4.2.6.RELEASE/spring-expression-4.2.6.RELEASE.jar:/Users/parthibanrajasekaran/.m2/repository/org/springframework/spring-web/4.2.6.RELEASE/spring-web-4.2.6.RELEASE.jar:/Users/parthibanrajasekaran/.m2/repository/io/rest-assured/rest-assured/3.1.0/rest-assured-3.1.0.jar:/Users/parthibanrajasekaran/.m2/repository/org/apache/httpcomponents/httpclient/4.5.3/httpclient-4.5.3.jar:/Users/parthibanrajasekaran/.m2/repository/org/apache/httpcomponents/httpcore/4.4.6/httpcore-4.4.6.jar:/Users/parthibanrajasekaran/.m2/repository/commons-logging/commons-logging/1.2/commons-logging-1.2.jar:/Users/parthibanrajasekaran/.m2/repository/commons-codec/commons-codec/1.9/commons-codec-1.9.jar:/Users/parthibanrajasekaran/.m2/repository/org/apache/httpcomponents/httpmime/4.5.1/httpmime-4.5.1.jar:/Users/parthibanrajasekaran/.m2/repository/org/hamcrest/hamcrest-library/1.3/hamcrest-library-1.3.jar:/Users/parthibanrajasekaran/.m2/repository/org/apache/maven/surefire/surefire-testng-utils/2.21.0/surefire-testng-utils-2.21.0.jar:/Users/parthibanrajasekaran/.m2/repository/org/apache/maven/surefire/surefire-grouper/2.21.0/surefire-grouper-2.21.0.jar:"/>
    <property name="sun.cpu.endian" value="little"/>
    <property name="user.home" value="/Users/parthibanrajasekaran"/>
    <property name="user.language" value="en"/>
    <property name="java.specification.vendor" value="Oracle Corporation"/>
    <property name="java.home" value="/Library/Java/JavaVirtualMachines/jdk1.8.0_171.jdk/Contents/Home/jre"/>
    <property name="basedir" value="/Users/parthibanrajasekaran/IdeaProjects/RestAPI"/>
    <property name="file.separator" value="/"/>
    <property name="line.separator" value="&#10;"/>
    <property name="java.vm.specification.vendor" value="Oracle Corporation"/>
    <property name="java.specification.name" value="Java Platform API Specification"/>
    <property name="java.awt.graphicsenv" value="sun.awt.CGraphicsEnvironment"/>
    <property name="surefire.real.class.path" value="/Users/parthibanrajasekaran/IdeaProjects/RestAPI/target/surefire/surefirebooter6476452264886468732.jar"/>
    <property name="sun.boot.class.path" value="/Library/Java/JavaVirtualMachines/jdk1.8.0_171.jdk/Contents/Home/jre/lib/resources.jar:/Library/Java/JavaVirtualMachines/jdk1.8.0_171.jdk/Contents/Home/jre/lib/rt.jar:/Library/Java/JavaVirtualMachines/jdk1.8.0_171.jdk/Contents/Home/jre/lib/sunrsasign.jar:/Library/Java/JavaVirtualMachines/jdk1.8.0_171.jdk/Contents/Home/jre/lib/jsse.jar:/Library/Java/JavaVirtualMachines/jdk1.8.0_171.jdk/Contents/Home/jre/lib/jce.jar:/Library/Java/JavaVirtualMachines/jdk1.8.0_171.jdk/Contents/Home/jre/lib/charsets.jar:/Library/Java/JavaVirtualMachines/jdk1.8.0_171.jdk/Contents/Home/jre/lib/jfr.jar:/Library/Java/JavaVirtualMachines/jdk1.8.0_171.jdk/Contents/Home/jre/classes"/>
    <property name="sun.management.compiler" value="HotSpot 64-Bit Tiered Compilers"/>
    <property name="ftp.nonProxyHosts" value="local|*.local|169.254/16|*.169.254/16"/>
    <property name="java.runtime.version" value="1.8.0_171-b11"/>
    <property name="user.name" value="parthibanrajasekaran"/>
    <property name="path.separator" value=":"/>
    <property name="os.version" value="10.13.5"/>
    <property name="java.endorsed.dirs" value="/Library/Java/JavaVirtualMachines/jdk1.8.0_171.jdk/Contents/Home/jre/lib/endorsed"/>
    <property name="java.runtime.name" value="Java(TM) SE Runtime Environment"/>
    <property name="file.encoding" value="UTF-8"/>
    <property name="java.vm.name" value="Java HotSpot(TM) 64-Bit Server VM"/>
    <property name="localRepository" value="/Users/parthibanrajasekaran/.m2/repository"/>
    <property name="java.vendor.url.bug" value="http://bugreport.sun.com/bugreport/"/>
    <property name="java.io.tmpdir" value="/var/folders/4x/9dqf4hls5w75tp06vsfg0s580000gn/T/"/>
    <property name="java.version" value="1.8.0_171"/>
    <property name="user.dir" value="/Users/parthibanrajasekaran/IdeaProjects/RestAPI"/>
    <property name="os.arch" value="x86_64"/>
    <property name="java.vm.specification.name" value="Java Virtual Machine Specification"/>
    <property name="java.awt.printerjob" value="sun.lwawt.macosx.CPrinterJob"/>
    <property name="sun.os.patch.level" value="unknown"/>
    <property name="java.library.path" value="/Users/parthibanrajasekaran/Library/Java/Extensions:/Library/Java/Extensions:/Network/Library/Java/Extensions:/System/Library/Java/Extensions:/usr/lib/java:."/>
    <property name="java.vm.info" value="mixed mode"/>
    <property name="java.vendor" value="Oracle Corporation"/>
    <property name="java.vm.version" value="25.171-b11"/>
    <property name="java.ext.dirs" value="/Users/parthibanrajasekaran/Library/Java/Extensions:/Library/Java/JavaVirtualMachines/jdk1.8.0_171.jdk/Contents/Home/jre/lib/ext:/Library/Java/Extensions:/Network/Library/Java/Extensions:/System/Library/Java/Extensions:/usr/lib/java"/>
    <property name="sun.io.unicode.encoding" value="UnicodeBig"/>
    <property name="java.class.version" value="52.0"/>
    <property name="socksNonProxyHosts" value="local|*.local|169.254/16|*.169.254/16"/>
  </properties>
  <testcase name="addComment" classname="Jira.addComment" time="3.656"/>
  <testcase name="updateComment" classname="Jira.updateComment" time="0.606"/>
  <testcase name="createBug" classname="Jira.createIssue" time="0.2"/>
  <testcase name="createTask" classname="Jira.createIssue" time="0.204"/>
  <testcase name="deleteIssue" classname="Jira.deleteIssue" time="0.358"/>
</testsuite>