<?xml version="1.0" encoding="UTF-8"?>
<!-- Generated by org.testng.reporters.JUnitReportReporter -->
<testsuite hostname="Parthibans-MacBook-Air.local" name="Jira.addComment" tests="1" failures="0" timestamp="13 Jun 2018 21:41:05 GMT" time="3.662" errors="0">
  <testcase name="addComment" time="3.662" classname="Jira.addComment"/>
</testsuite> <!-- Jira.addComment -->
