<?xml version="1.0" encoding="UTF-8"?>
<!-- Generated by org.testng.reporters.JUnitReportReporter -->
<testsuite hostname="Parthibans-MacBook-Air.local" name="Jira.deleteIssue" tests="1" failures="0" timestamp="13 Jun 2018 21:41:05 GMT" time="0.355" errors="0">
  <testcase name="deleteIssue" time="0.355" classname="Jira.deleteIssue"/>
</testsuite> <!-- Jira.deleteIssue -->
