<?xml version="1.0" encoding="UTF-8"?>
<!-- Generated by org.testng.reporters.JUnitReportReporter -->
<testsuite hostname="Parthibans-MacBook-Air.local" name="Jira.updateComment" tests="1" failures="0" timestamp="13 Jun 2018 21:41:05 GMT" time="0.607" errors="0">
  <testcase name="updateComment" time="0.607" classname="Jira.updateComment"/>
</testsuite> <!-- Jira.updateComment -->
