<?xml version="1.0" encoding="UTF-8"?>
<!-- Generated by org.testng.reporters.JUnitReportReporter -->
<testsuite hostname="Parthibans-MacBook-Air.local" name="Jira.createIssue" tests="2" failures="0" timestamp="13 Jun 2018 21:41:05 GMT" time="0.404" errors="0">
  <testcase name="createTask" time="0.204" classname="Jira.createIssue"/>
  <testcase name="createBug" time="0.200" classname="Jira.createIssue"/>
</testsuite> <!-- Jira.createIssue -->
